[2020-05-12 17:37:59] local.ERROR: View [views.index] not found. {"exception":"[object] (InvalidArgumentException(code: 0): View [views.index] not found. at C:\\Users\\Martijn\\Documents\\Avans hogeschool\\Blok8\\WEBFS\\DeGoudenDraak\\vendor\\laravel\\framework\\src\\Illuminate\\View\\FileViewFinder.php:137)
[stacktrace]
#0 C:\\Users\\Martijn\\Documents\\Avans hogeschool\\Blok8\\WEBFS\\DeGoudenDraak\\vendor\\laravel\\framework\\src\\Illuminate\\View\\FileViewFinder.php(79): Illuminate\\View\\FileViewFinder->findInPaths('views.index', Array)
#1 C:\\Users\\Martijn\\Documents\\Avans hogeschool\\Blok8\\WEBFS\\DeGoudenDraak\\vendor\\laravel\\framework\\src\\Illuminate\\View\\Factory.php(131): Illuminate\\View\\FileViewFinder->find('views.index')
#2 C:\\Users\\Martijn\\Documents\\Avans hogeschool\\Blok8\\WEBFS\\DeGoudenDraak\\vendor\\laravel\\framework\\src\\Illuminate\\Foundation\\helpers.php(961): Illuminate\\View\\Factory->make('views.index', Array, Array)
#3 C:\\Users\\Martijn\\Documents\\Avans hogeschool\\Blok8\\WEBFS\\DeGoudenDraak\outes\\web.php(17): view('views.index')
#4 C:\\Users\\Martijn\\Documents\\Avans hogeschool\\Blok8\\WEBFS\\DeGoudenDraak\\vendor\\laravel\\framework\\src\\Illuminate\\Routing\\Route.php(225): Illuminate\\Routing\\RouteFileRegistrar->{closure}('beheer/initiati...')
#5 C:\\Users\\Martijn\\Documents\\Avans hogeschool\\Blok8\\WEBFS\\DeGoudenDraak\\vendor\\laravel\\framework\\src\\Illuminate\\Routing\\Route.php(199): Illuminate\\Routing\\Route->runCallable()
#6 C:\\Users\\Martijn\\Documents\\Avans hogeschool\\Blok8\\WEBFS\\DeGoudenDraak\\vendor\\laravel\\framework\\src\\Illuminate\\Routing\\Router.php(685): Illuminate\\Routing\\Route->run()
#7 C:\\Users\\Martijn\\Documents\\Avans hogeschool\\Blok8\\WEBFS\\DeGoudenDraak\\vendor\\laravel\\framework\\src\\Illuminate\\Pipeline\\Pipeline.php(128): Illuminate\\Routing\\Router->Illuminate\\Routing\\{closure}(Object(Illuminate\\Http\\Request))
#8 C:\\Users\\Martijn\\Documents\\Avans hogeschool\\Blok8\\WEBFS\\DeGoudenDraak\\vendor\\laravel\\framework\\src\\Illuminate\\Routing\\Middleware\\SubstituteBindings.php(41): Illuminate\\Pipeline\\Pipeline->Illuminate\\Pipeline\\{closure}(Object(Illuminate\\Http\\Request))
#9 C:\\Users\\Martijn\\Documents\\Avans hogeschool\\Blok8\\WEBFS\\DeGoudenDraak\\vendor\\laravel\\framework\\src\\Illuminate\\Pipeline\\Pipeline.php(167): Illuminate\\Routing\\Middleware\\SubstituteBindings->handle(Object(Illuminate\\Http\\Request), Object(Closure))
#10 C:\\Users\\Martijn\\Documents\\Avans hogeschool\\Blok8\\WEBFS\\DeGoudenDraak\\vendor\\laravel\\framework\\src\\Illuminate\\Foundation\\Http\\Middleware\\VerifyCsrfToken.php(76): Illuminate\\Pipeline\\Pipeline->Illuminate\\Pipeline\\{closure}(Object(Illuminate\\Http\\Request))
#11 C:\\Users\\Martijn\\Documents\\Avans hogeschool\\Blok8\\WEBFS\\DeGoudenDraak\\vendor\\laravel\\framework\\src\\Illuminate\\Pipeline\\Pipeline.php(167): Illuminate\\Foundation\\Http\\Middleware\\VerifyCsrfToken->handle(Object(Illuminate\\Http\\Request), Object(Closure))
#12 C:\\Users\\Martijn\\Documents\\Avans hogeschool\\Blok8\\WEBFS\\DeGoudenDraak\\vendor\\laravel\\framework\\src\\Illuminate\\View\\Middleware\\ShareErrorsFromSession.php(49): Illuminate\\Pipeline\\Pipeline->Illuminate\\Pipeline\\{closure}(Object(Illuminate\\Http\\Request))
#13 C:\\Users\\Martijn\\Documents\\Avans hogeschool\\Blok8\\WEBFS\\DeGoudenDraak\\vendor\\laravel\\framework\\src\\Illuminate\\Pipeline\\Pipeline.php(167): Illuminate\\View\\Middleware\\ShareErrorsFromSession->handle(Object(Illuminate\\Http\\Request), Object(Closure))
#14 C:\\Users\\Martijn\\Documents\\Avans hogeschool\\Blok8\\WEBFS\\DeGoudenDraak\\vendor\\laravel\\framework\\src\\Illuminate\\Session\\Middleware\\StartSession.php(116): Illuminate\\Pipeline\\Pipeline->Illuminate\\Pipeline\\{closure}(Object(Illuminate\\Http\\Request))
#15 C:\\Users\\Martijn\\Documents\\Avans hogeschool\\Blok8\\WEBFS\\DeGoudenDraak\\vendor\\laravel\\framework\\src\\Illuminate\\Session\\Middleware\\StartSession.php(62): Illuminate\\Session\\Middleware\\StartSession->handleStatefulRequest(Object(Illuminate\\Http\\Request), Object(Illuminate\\Session\\Store), Object(Closure))
#16 C:\\Users\\Martijn\\Documents\\Avans hogeschool\\Blok8\\WEBFS\\DeGoudenDraak\\vendor\\laravel\\framework\\src\\Illuminate\\Pipeline\\Pipeline.php(167): Illuminate\\Session\\Middleware\\StartSession->handle(Object(Illuminate\\Http\\Request), Object(Closure))
#17 C:\\Users\\Martijn\\Documents\\Avans hogeschool\\Blok8\\WEBFS\\DeGoudenDraak\\vendor\\laravel\\framework\\src\\Illuminate\\Cookie\\Middleware\\AddQueuedCookiesToResponse.php(37): Illuminate\\Pipeline\\Pipeline->Illuminate\\Pipeline\\{closure}(Object(Illuminate\\Http\\Request))
#18 C:\\Users\\Martijn\\Documents\\Avans hogeschool\\Blok8\\WEBFS\\DeGoudenDraak\\vendor\\laravel\\framework\\src\\Illuminate\\Pipeline\\Pipeline.php(167): Illuminate\\Cookie\\Middleware\\AddQueuedCookiesToResponse->handle(Object(Illuminate\\Http\\Request), Object(Closure))
#19 C:\\Users\\Martijn\\Documents\\Avans hogeschool\\Blok8\\WEBFS\\DeGoudenDraak\\vendor\\laravel\\framework\\src\\Illuminate\\Cookie\\Middleware\\EncryptCookies.php(66): Illuminate\\Pipeline\\Pipeline->Illuminate\\Pipeline\\{closure}(Object(Illuminate\\Http\\Request))
#20 C:\\Users\\Martijn\\Documents\\Avans hogeschool\\Blok8\\WEBFS\\DeGoudenDraak\\vendor\\laravel\\framework\\src\\Illuminate\\Pipeline\\Pipeline.php(167): Illuminate\\Cookie\\Middleware\\EncryptCookies->handle(Object(Illuminate\\Http\\Request), Object(Closure))
#21 C:\\Users\\Martijn\\Documents\\Avans hogeschool\\Blok8\\WEBFS\\DeGoudenDraak\\vendor\\laravel\\framework\\src\\Illuminate\\Pipeline\\Pipeline.php(103): Illuminate\\Pipeline\\Pipeline->Illuminate\\Pipeline\\{closure}(Object(Illuminate\\Http\\Request))
#22 C:\\Users\\Martijn\\Documents\\Avans hogeschool\\Blok8\\WEBFS\\DeGoudenDraak\\vendor\\laravel\\framework\\src\\Illuminate\\Routing\\Router.php(687): Illuminate\\Pipeline\\Pipeline->then(Object(Closure))
#23 C:\\Users\\Martijn\\Documents\\Avans hogeschool\\Blok8\\WEBFS\\DeGoudenDraak\\vendor\\laravel\\framework\\src\\Illuminate\\Routing\\Router.php(662): Illuminate\\Routing\\Router->runRouteWithinStack(Object(Illuminate\\Routing\\Route), Object(Illuminate\\Http\\Request))
#24 C:\\Users\\Martijn\\Documents\\Avans hogeschool\\Blok8\\WEBFS\\DeGoudenDraak\\vendor\\laravel\\framework\\src\\Illuminate\\Routing\\Router.php(628): Illuminate\\Routing\\Router->runRoute(Object(Illuminate\\Http\\Request), Object(Illuminate\\Routing\\Route))
#25 C:\\Users\\Martijn\\Documents\\Avans hogeschool\\Blok8\\WEBFS\\DeGoudenDraak\\vendor\\laravel\\framework\\src\\Illuminate\\Routing\\Router.php(617): Illuminate\\Routing\\Router->dispatchToRoute(Object(Illuminate\\Http\\Request))
#26 C:\\Users\\Martijn\\Documents\\Avans hogeschool\\Blok8\\WEBFS\\DeGoudenDraak\\vendor\\laravel\\framework\\src\\Illuminate\\Foundation\\Http\\Kernel.php(165): Illuminate\\Routing\\Router->dispatch(Object(Illuminate\\Http\\Request))
#27 C:\\Users\\Martijn\\Documents\\Avans hogeschool\\Blok8\\WEBFS\\DeGoudenDraak\\vendor\\laravel\\framework\\src\\Illuminate\\Pipeline\\Pipeline.php(128): Illuminate\\Foundation\\Http\\Kernel->Illuminate\\Foundation\\Http\\{closure}(Object(Illuminate\\Http\\Request))
#28 C:\\Users\\Martijn\\Documents\\Avans hogeschool\\Blok8\\WEBFS\\DeGoudenDraak\\vendor\\laravel\\framework\\src\\Illuminate\\Foundation\\Http\\Middleware\\TransformsRequest.php(21): Illuminate\\Pipeline\\Pipeline->Illuminate\\Pipeline\\{closure}(Object(Illuminate\\Http\\Request))
#29 C:\\Users\\Martijn\\Documents\\Avans hogeschool\\Blok8\\WEBFS\\DeGoudenDraak\\vendor\\laravel\\framework\\src\\Illuminate\\Pipeline\\Pipeline.php(167): Illuminate\\Foundation\\Http\\Middleware\\TransformsRequest->handle(Object(Illuminate\\Http\\Request), Object(Closure))
#30 C:\\Users\\Martijn\\Documents\\Avans hogeschool\\Blok8\\WEBFS\\DeGoudenDraak\\vendor\\laravel\\framework\\src\\Illuminate\\Foundation\\Http\\Middleware\\TransformsRequest.php(21): Illuminate\\Pipeline\\Pipeline->Illuminate\\Pipeline\\{closure}(Object(Illuminate\\Http\\Request))
#31 C:\\Users\\Martijn\\Documents\\Avans hogeschool\\Blok8\\WEBFS\\DeGoudenDraak\\vendor\\laravel\\framework\\src\\Illuminate\\Pipeline\\Pipeline.php(167): Illuminate\\Foundation\\Http\\Middleware\\TransformsRequest->handle(Object(Illuminate\\Http\\Request), Object(Closure))
#32 C:\\Users\\Martijn\\Documents\\Avans hogeschool\\Blok8\\WEBFS\\DeGoudenDraak\\vendor\\laravel\\framework\\src\\Illuminate\\Foundation\\Http\\Middleware\\ValidatePostSize.php(27): Illuminate\\Pipeline\\Pipeline->Illuminate\\Pipeline\\{closure}(Object(Illuminate\\Http\\Request))
#33 C:\\Users\\Martijn\\Documents\\Avans hogeschool\\Blok8\\WEBFS\\DeGoudenDraak\\vendor\\laravel\\framework\\src\\Illuminate\\Pipeline\\Pipeline.php(167): Illuminate\\Foundation\\Http\\Middleware\\ValidatePostSize->handle(Object(Illuminate\\Http\\Request), Object(Closure))
#34 C:\\Users\\Martijn\\Documents\\Avans hogeschool\\Blok8\\WEBFS\\DeGoudenDraak\\vendor\\laravel\\framework\\src\\Illuminate\\Foundation\\Http\\Middleware\\CheckForMaintenanceMode.php(63): Illuminate\\Pipeline\\Pipeline->Illuminate\\Pipeline\\{closure}(Object(Illuminate\\Http\\Request))
#35 C:\\Users\\Martijn\\Documents\\Avans hogeschool\\Blok8\\WEBFS\\DeGoudenDraak\\vendor\\laravel\\framework\\src\\Illuminate\\Pipeline\\Pipeline.php(167): Illuminate\\Foundation\\Http\\Middleware\\CheckForMaintenanceMode->handle(Object(Illuminate\\Http\\Request), Object(Closure))
#36 C:\\Users\\Martijn\\Documents\\Avans hogeschool\\Blok8\\WEBFS\\DeGoudenDraak\\vendor\\fruitcake\\laravel-cors\\src\\HandleCors.php(37): Illuminate\\Pipeline\\Pipeline->Illuminate\\Pipeline\\{closure}(Object(Illuminate\\Http\\Request))
#37 C:\\Users\\Martijn\\Documents\\Avans hogeschool\\Blok8\\WEBFS\\DeGoudenDraak\\vendor\\laravel\\framework\\src\\Illuminate\\Pipeline\\Pipeline.php(167): Fruitcake\\Cors\\HandleCors->handle(Object(Illuminate\\Http\\Request), Object(Closure))
#38 C:\\Users\\Martijn\\Documents\\Avans hogeschool\\Blok8\\WEBFS\\DeGoudenDraak\\vendor\\fideloper\\proxy\\src\\TrustProxies.php(57): Illuminate\\Pipeline\\Pipeline->Illuminate\\Pipeline\\{closure}(Object(Illuminate\\Http\\Request))
#39 C:\\Users\\Martijn\\Documents\\Avans hogeschool\\Blok8\\WEBFS\\DeGoudenDraak\\vendor\\laravel\\framework\\src\\Illuminate\\Pipeline\\Pipeline.php(167): Fideloper\\Proxy\\TrustProxies->handle(Object(Illuminate\\Http\\Request), Object(Closure))
#40 C:\\Users\\Martijn\\Documents\\Avans hogeschool\\Blok8\\WEBFS\\DeGoudenDraak\\vendor\\laravel\\framework\\src\\Illuminate\\Pipeline\\Pipeline.php(103): Illuminate\\Pipeline\\Pipeline->Illuminate\\Pipeline\\{closure}(Object(Illuminate\\Http\\Request))
#41 C:\\Users\\Martijn\\Documents\\Avans hogeschool\\Blok8\\WEBFS\\DeGoudenDraak\\vendor\\laravel\\framework\\src\\Illuminate\\Foundation\\Http\\Kernel.php(140): Illuminate\\Pipeline\\Pipeline->then(Object(Closure))
#42 C:\\Users\\Martijn\\Documents\\Avans hogeschool\\Blok8\\WEBFS\\DeGoudenDraak\\vendor\\laravel\\framework\\src\\Illuminate\\Foundation\\Http\\Kernel.php(109): Illuminate\\Foundation\\Http\\Kernel->sendRequestThroughRouter(Object(Illuminate\\Http\\Request))
#43 C:\\Users\\Martijn\\Documents\\Avans hogeschool\\Blok8\\WEBFS\\DeGoudenDraak\\public\\index.php(55): Illuminate\\Foundation\\Http\\Kernel->handle(Object(Illuminate\\Http\\Request))
#44 C:\\Users\\Martijn\\Documents\\Avans hogeschool\\Blok8\\WEBFS\\DeGoudenDraak\\server.php(21): require_once('C:\\\\Users\\\\Martij...')
#45 {main}
"} 
[2020-05-12 17:38:55] local.ERROR: View [views.index] not found. {"exception":"[object] (InvalidArgumentException(code: 0): View [views.index] not found. at C:\\Users\\Martijn\\Documents\\Avans hogeschool\\Blok8\\WEBFS\\DeGoudenDraak\\vendor\\laravel\\framework\\src\\Illuminate\\View\\FileViewFinder.php:137)
[stacktrace]
#0 C:\\Users\\Martijn\\Documents\\Avans hogeschool\\Blok8\\WEBFS\\DeGoudenDraak\\vendor\\laravel\\framework\\src\\Illuminate\\View\\FileViewFinder.php(79): Illuminate\\View\\FileViewFinder->findInPaths('views.index', Array)
#1 C:\\Users\\Martijn\\Documents\\Avans hogeschool\\Blok8\\WEBFS\\DeGoudenDraak\\vendor\\laravel\\framework\\src\\Illuminate\\View\\Factory.php(131): Illuminate\\View\\FileViewFinder->find('views.index')
#2 C:\\Users\\Martijn\\Documents\\Avans hogeschool\\Blok8\\WEBFS\\DeGoudenDraak\\vendor\\laravel\\framework\\src\\Illuminate\\Foundation\\helpers.php(961): Illuminate\\View\\Factory->make('views.index', Array, Array)
#3 C:\\Users\\Martijn\\Documents\\Avans hogeschool\\Blok8\\WEBFS\\DeGoudenDraak\outes\\web.php(17): view('views.index')
#4 C:\\Users\\Martijn\\Documents\\Avans hogeschool\\Blok8\\WEBFS\\DeGoudenDraak\\vendor\\laravel\\framework\\src\\Illuminate\\Routing\\Route.php(225): Illuminate\\Routing\\RouteFileRegistrar->{closure}()
#5 C:\\Users\\Martijn\\Documents\\Avans hogeschool\\Blok8\\WEBFS\\DeGoudenDraak\\vendor\\laravel\\framework\\src\\Illuminate\\Routing\\Route.php(199): Illuminate\\Routing\\Route->runCallable()
#6 C:\\Users\\Martijn\\Documents\\Avans hogeschool\\Blok8\\WEBFS\\DeGoudenDraak\\vendor\\laravel\\framework\\src\\Illuminate\\Routing\\Router.php(685): Illuminate\\Routing\\Route->run()
#7 C:\\Users\\Martijn\\Documents\\Avans hogeschool\\Blok8\\WEBFS\\DeGoudenDraak\\vendor\\laravel\\framework\\src\\Illuminate\\Pipeline\\Pipeline.php(128): Illuminate\\Routing\\Router->Illuminate\\Routing\\{closure}(Object(Illuminate\\Http\\Request))
#8 C:\\Users\\Martijn\\Documents\\Avans hogeschool\\Blok8\\WEBFS\\DeGoudenDraak\\vendor\\laravel\\framework\\src\\Illuminate\\Routing\\Middleware\\SubstituteBindings.php(41): Illuminate\\Pipeline\\Pipeline->Illuminate\\Pipeline\\{closure}(Object(Illuminate\\Http\\Request))
#9 C:\\Users\\Martijn\\Documents\\Avans hogeschool\\Blok8\\WEBFS\\DeGoudenDraak\\vendor\\laravel\\framework\\src\\Illuminate\\Pipeline\\Pipeline.php(167): Illuminate\\Routing\\Middleware\\SubstituteBindings->handle(Object(Illuminate\\Http\\Request), Object(Closure))
#10 C:\\Users\\Martijn\\Documents\\Avans hogeschool\\Blok8\\WEBFS\\DeGoudenDraak\\vendor\\laravel\\framework\\src\\Illuminate\\Foundation\\Http\\Middleware\\VerifyCsrfToken.php(76): Illuminate\\Pipeline\\Pipeline->Illuminate\\Pipeline\\{closure}(Object(Illuminate\\Http\\Request))
#11 C:\\Users\\Martijn\\Documents\\Avans hogeschool\\Blok8\\WEBFS\\DeGoudenDraak\\vendor\\laravel\\framework\\src\\Illuminate\\Pipeline\\Pipeline.php(167): Illuminate\\Foundation\\Http\\Middleware\\VerifyCsrfToken->handle(Object(Illuminate\\Http\\Request), Object(Closure))
#12 C:\\Users\\Martijn\\Documents\\Avans hogeschool\\Blok8\\WEBFS\\DeGoudenDraak\\vendor\\laravel\\framework\\src\\Illuminate\\View\\Middleware\\ShareErrorsFromSession.php(49): Illuminate\\Pipeline\\Pipeline->Illuminate\\Pipeline\\{closure}(Object(Illuminate\\Http\\Request))
#13 C:\\Users\\Martijn\\Documents\\Avans hogeschool\\Blok8\\WEBFS\\DeGoudenDraak\\vendor\\laravel\\framework\\src\\Illuminate\\Pipeline\\Pipeline.php(167): Illuminate\\View\\Middleware\\ShareErrorsFromSession->handle(Object(Illuminate\\Http\\Request), Object(Closure))
#14 C:\\Users\\Martijn\\Documents\\Avans hogeschool\\Blok8\\WEBFS\\DeGoudenDraak\\vendor\\laravel\\framework\\src\\Illuminate\\Session\\Middleware\\StartSession.php(116): Illuminate\\Pipeline\\Pipeline->Illuminate\\Pipeline\\{closure}(Object(Illuminate\\Http\\Request))
#15 C:\\Users\\Martijn\\Documents\\Avans hogeschool\\Blok8\\WEBFS\\DeGoudenDraak\\vendor\\laravel\\framework\\src\\Illuminate\\Session\\Middleware\\StartSession.php(62): Illuminate\\Session\\Middleware\\StartSession->handleStatefulRequest(Object(Illuminate\\Http\\Request), Object(Illuminate\\Session\\Store), Object(Closure))
#16 C:\\Users\\Martijn\\Documents\\Avans hogeschool\\Blok8\\WEBFS\\DeGoudenDraak\\vendor\\laravel\\framework\\src\\Illuminate\\Pipeline\\Pipeline.php(167): Illuminate\\Session\\Middleware\\StartSession->handle(Object(Illuminate\\Http\\Request), Object(Closure))
#17 C:\\Users\\Martijn\\Documents\\Avans hogeschool\\Blok8\\WEBFS\\DeGoudenDraak\\vendor\\laravel\\framework\\src\\Illuminate\\Cookie\\Middleware\\AddQueuedCookiesToResponse.php(37): Illuminate\\Pipeline\\Pipeline->Illuminate\\Pipeline\\{closure}(Object(Illuminate\\Http\\Request))
#18 C:\\Users\\Martijn\\Documents\\Avans hogeschool\\Blok8\\WEBFS\\DeGoudenDraak\\vendor\\laravel\\framework\\src\\Illuminate\\Pipeline\\Pipeline.php(167): Illuminate\\Cookie\\Middleware\\AddQueuedCookiesToResponse->handle(Object(Illuminate\\Http\\Request), Object(Closure))
#19 C:\\Users\\Martijn\\Documents\\Avans hogeschool\\Blok8\\WEBFS\\DeGoudenDraak\\vendor\\laravel\\framework\\src\\Illuminate\\Cookie\\Middleware\\EncryptCookies.php(66): Illuminate\\Pipeline\\Pipeline->Illuminate\\Pipeline\\{closure}(Object(Illuminate\\Http\\Request))
#20 C:\\Users\\Martijn\\Documents\\Avans hogeschool\\Blok8\\WEBFS\\DeGoudenDraak\\vendor\\laravel\\framework\\src\\Illuminate\\Pipeline\\Pipeline.php(167): Illuminate\\Cookie\\Middleware\\EncryptCookies->handle(Object(Illuminate\\Http\\Request), Object(Closure))
#21 C:\\Users\\Martijn\\Documents\\Avans hogeschool\\Blok8\\WEBFS\\DeGoudenDraak\\vendor\\laravel\\framework\\src\\Illuminate\\Pipeline\\Pipeline.php(103): Illuminate\\Pipeline\\Pipeline->Illuminate\\Pipeline\\{closure}(Object(Illuminate\\Http\\Request))
#22 C:\\Users\\Martijn\\Documents\\Avans hogeschool\\Blok8\\WEBFS\\DeGoudenDraak\\vendor\\laravel\\framework\\src\\Illuminate\\Routing\\Router.php(687): Illuminate\\Pipeline\\Pipeline->then(Object(Closure))
#23 C:\\Users\\Martijn\\Documents\\Avans hogeschool\\Blok8\\WEBFS\\DeGoudenDraak\\vendor\\laravel\\framework\\src\\Illuminate\\Routing\\Router.php(662): Illuminate\\Routing\\Router->runRouteWithinStack(Object(Illuminate\\Routing\\Route), Object(Illuminate\\Http\\Request))
#24 C:\\Users\\Martijn\\Documents\\Avans hogeschool\\Blok8\\WEBFS\\DeGoudenDraak\\vendor\\laravel\\framework\\src\\Illuminate\\Routing\\Router.php(628): Illuminate\\Routing\\Router->runRoute(Object(Illuminate\\Http\\Request), Object(Illuminate\\Routing\\Route))
#25 C:\\Users\\Martijn\\Documents\\Avans hogeschool\\Blok8\\WEBFS\\DeGoudenDraak\\vendor\\laravel\\framework\\src\\Illuminate\\Routing\\Router.php(617): Illuminate\\Routing\\Router->dispatchToRoute(Object(Illuminate\\Http\\Request))
#26 C:\\Users\\Martijn\\Documents\\Avans hogeschool\\Blok8\\WEBFS\\DeGoudenDraak\\vendor\\laravel\\framework\\src\\Illuminate\\Foundation\\Http\\Kernel.php(165): Illuminate\\Routing\\Router->dispatch(Object(Illuminate\\Http\\Request))
#27 C:\\Users\\Martijn\\Documents\\Avans hogeschool\\Blok8\\WEBFS\\DeGoudenDraak\\vendor\\laravel\\framework\\src\\Illuminate\\Pipeline\\Pipeline.php(128): Illuminate\\Foundation\\Http\\Kernel->Illuminate\\Foundation\\Http\\{closure}(Object(Illuminate\\Http\\Request))
#28 C:\\Users\\Martijn\\Documents\\Avans hogeschool\\Blok8\\WEBFS\\DeGoudenDraak\\vendor\\laravel\\framework\\src\\Illuminate\\Foundation\\Http\\Middleware\\TransformsRequest.php(21): Illuminate\\Pipeline\\Pipeline->Illuminate\\Pipeline\\{closure}(Object(Illuminate\\Http\\Request))
#29 C:\\Users\\Martijn\\Documents\\Avans hogeschool\\Blok8\\WEBFS\\DeGoudenDraak\\vendor\\laravel\\framework\\src\\Illuminate\\Pipeline\\Pipeline.php(167): Illuminate\\Foundation\\Http\\Middleware\\TransformsRequest->handle(Object(Illuminate\\Http\\Request), Object(Closure))
#30 C:\\Users\\Martijn\\Documents\\Avans hogeschool\\Blok8\\WEBFS\\DeGoudenDraak\\vendor\\laravel\\framework\\src\\Illuminate\\Foundation\\Http\\Middleware\\TransformsRequest.php(21): Illuminate\\Pipeline\\Pipeline->Illuminate\\Pipeline\\{closure}(Object(Illuminate\\Http\\Request))
#31 C:\\Users\\Martijn\\Documents\\Avans hogeschool\\Blok8\\WEBFS\\DeGoudenDraak\\vendor\\laravel\\framework\\src\\Illuminate\\Pipeline\\Pipeline.php(167): Illuminate\\Foundation\\Http\\Middleware\\TransformsRequest->handle(Object(Illuminate\\Http\\Request), Object(Closure))
#32 C:\\Users\\Martijn\\Documents\\Avans hogeschool\\Blok8\\WEBFS\\DeGoudenDraak\\vendor\\laravel\\framework\\src\\Illuminate\\Foundation\\Http\\Middleware\\ValidatePostSize.php(27): Illuminate\\Pipeline\\Pipeline->Illuminate\\Pipeline\\{closure}(Object(Illuminate\\Http\\Request))
#33 C:\\Users\\Martijn\\Documents\\Avans hogeschool\\Blok8\\WEBFS\\DeGoudenDraak\\vendor\\laravel\\framework\\src\\Illuminate\\Pipeline\\Pipeline.php(167): Illuminate\\Foundation\\Http\\Middleware\\ValidatePostSize->handle(Object(Illuminate\\Http\\Request), Object(Closure))
#34 C:\\Users\\Martijn\\Documents\\Avans hogeschool\\Blok8\\WEBFS\\DeGoudenDraak\\vendor\\laravel\\framework\\src\\Illuminate\\Foundation\\Http\\Middleware\\CheckForMaintenanceMode.php(63): Illuminate\\Pipeline\\Pipeline->Illuminate\\Pipeline\\{closure}(Object(Illuminate\\Http\\Request))
#35 C:\\Users\\Martijn\\Documents\\Avans hogeschool\\Blok8\\WEBFS\\DeGoudenDraak\\vendor\\laravel\\framework\\src\\Illuminate\\Pipeline\\Pipeline.php(167): Illuminate\\Foundation\\Http\\Middleware\\CheckForMaintenanceMode->handle(Object(Illuminate\\Http\\Request), Object(Closure))
#36 C:\\Users\\Martijn\\Documents\\Avans hogeschool\\Blok8\\WEBFS\\DeGoudenDraak\\vendor\\fruitcake\\laravel-cors\\src\\HandleCors.php(37): Illuminate\\Pipeline\\Pipeline->Illuminate\\Pipeline\\{closure}(Object(Illuminate\\Http\\Request))
#37 C:\\Users\\Martijn\\Documents\\Avans hogeschool\\Blok8\\WEBFS\\DeGoudenDraak\\vendor\\laravel\\framework\\src\\Illuminate\\Pipeline\\Pipeline.php(167): Fruitcake\\Cors\\HandleCors->handle(Object(Illuminate\\Http\\Request), Object(Closure))
#38 C:\\Users\\Martijn\\Documents\\Avans hogeschool\\Blok8\\WEBFS\\DeGoudenDraak\\vendor\\fideloper\\proxy\\src\\TrustProxies.php(57): Illuminate\\Pipeline\\Pipeline->Illuminate\\Pipeline\\{closure}(Object(Illuminate\\Http\\Request))
#39 C:\\Users\\Martijn\\Documents\\Avans hogeschool\\Blok8\\WEBFS\\DeGoudenDraak\\vendor\\laravel\\framework\\src\\Illuminate\\Pipeline\\Pipeline.php(167): Fideloper\\Proxy\\TrustProxies->handle(Object(Illuminate\\Http\\Request), Object(Closure))
#40 C:\\Users\\Martijn\\Documents\\Avans hogeschool\\Blok8\\WEBFS\\DeGoudenDraak\\vendor\\laravel\\framework\\src\\Illuminate\\Pipeline\\Pipeline.php(103): Illuminate\\Pipeline\\Pipeline->Illuminate\\Pipeline\\{closure}(Object(Illuminate\\Http\\Request))
#41 C:\\Users\\Martijn\\Documents\\Avans hogeschool\\Blok8\\WEBFS\\DeGoudenDraak\\vendor\\laravel\\framework\\src\\Illuminate\\Foundation\\Http\\Kernel.php(140): Illuminate\\Pipeline\\Pipeline->then(Object(Closure))
#42 C:\\Users\\Martijn\\Documents\\Avans hogeschool\\Blok8\\WEBFS\\DeGoudenDraak\\vendor\\laravel\\framework\\src\\Illuminate\\Foundation\\Http\\Kernel.php(109): Illuminate\\Foundation\\Http\\Kernel->sendRequestThroughRouter(Object(Illuminate\\Http\\Request))
#43 C:\\Users\\Martijn\\Documents\\Avans hogeschool\\Blok8\\WEBFS\\DeGoudenDraak\\public\\index.php(55): Illuminate\\Foundation\\Http\\Kernel->handle(Object(Illuminate\\Http\\Request))
#44 C:\\Users\\Martijn\\Documents\\Avans hogeschool\\Blok8\\WEBFS\\DeGoudenDraak\\server.php(21): require_once('C:\\\\Users\\\\Martij...')
#45 {main}
"} 
